Traceback (most recent call last):
  File "/home/runner/work/fandango/fandango/.venv/lib/python3.13/site-packages/jupyter_cache/executors/utils.py", line 58, in single_nb_execution
    executenb(
    ~~~~~~~~~^
        nb,
        ^^^
    ...<4 lines>...
        **kwargs,
        ^^^^^^^^^
    )
    ^
  File "/home/runner/work/fandango/fandango/.venv/lib/python3.13/site-packages/nbclient/client.py", line 1319, in execute
    return NotebookClient(nb=nb, resources=resources, km=km, **kwargs).execute()
           ~~~~~~~~~~~~~~~~~~~~~~~~~~~~~~~~~~~~~~~~~~~~~~~~~~~~~~~~~~~~~~~~~~~^^
  File "/home/runner/work/fandango/fandango/.venv/lib/python3.13/site-packages/jupyter_core/utils/__init__.py", line 165, in wrapped
    return loop.run_until_complete(inner)
           ~~~~~~~~~~~~~~~~~~~~~~~^^^^^^^
  File "/home/runner/work/_temp/uv-python-dir/cpython-3.13.11-linux-x86_64-gnu/lib/python3.13/asyncio/base_events.py", line 725, in run_until_complete
    return future.result()
           ~~~~~~~~~~~~~^^
  File "/home/runner/work/fandango/fandango/.venv/lib/python3.13/site-packages/nbclient/client.py", line 709, in async_execute
    await self.async_execute_cell(
        cell, index, execution_count=self.code_cells_executed + 1
    )
  File "/home/runner/work/fandango/fandango/.venv/lib/python3.13/site-packages/nbclient/client.py", line 1062, in async_execute_cell
    await self._check_raise_for_error(cell, cell_index, exec_reply)
  File "/home/runner/work/fandango/fandango/.venv/lib/python3.13/site-packages/nbclient/client.py", line 918, in _check_raise_for_error
    raise CellExecutionError.from_cell_and_msg(cell, exec_reply_content)
nbclient.exceptions.CellExecutionError: An error occurred while executing the following cell:
------------------
from minitelnet import telnet

telnet(["QUIT\r\n"], port=8125)
------------------

----- stdout -----
Trying localhost...
------------------

[31m---------------------------------------------------------------------------[39m
[31mConnectionRefusedError[39m                    Traceback (most recent call last)
[36mCell[39m[36m [39m[32mIn[10][39m[32m, line 3[39m
[32m      1[39m [38;5;28;01mfrom[39;00m[38;5;250m [39m[34;01mminitelnet[39;00m[38;5;250m [39m[38;5;28;01mimport[39;00m telnet
[32m----> [39m[32m3[39m [43mtelnet[49m[43m([49m[43m[[49m[33;43m"[39;49m[33;43mQUIT[39;49m[38;5;130;43;01m\r[39;49;00m[38;5;130;43;01m\n[39;49;00m[33;43m"[39;49m[43m][49m[43m,[49m[43m [49m[43mport[49m[43m=[49m[32;43m8125[39;49m[43m)[49m

[36mFile [39m[32m~/work/fandango/fandango/docs/minitelnet.py:21[39m, in [36mtelnet[39m[34m(commands, port, host)[39m
[32m     19[39m [38;5;28mprint[39m([33mf[39m[33m"[39m[33mTrying [39m[38;5;132;01m{[39;00mhost[38;5;132;01m}[39;00m[33m...[39m[33m"[39m)
[32m     20[39m s = socket.socket(socket.AF_INET, socket.SOCK_STREAM)
[32m---> [39m[32m21[39m [43ms[49m[43m.[49m[43mconnect[49m[43m([49m[43m([49m[43mhost[49m[43m,[49m[43m [49m[43mport[49m[43m)[49m[43m)[49m
[32m     22[39m [38;5;28mprint[39m([33mf[39m[33m"[39m[33mConnected to [39m[38;5;132;01m{[39;00mhost[38;5;132;01m}[39;00m[33m.[39m[33m"[39m)
[32m     23[39m [38;5;28mprint[39m([33m"[39m[33mEscape character is [39m[33m'[39m[33m^][39m[33m'[39m[33m.[39m[33m"[39m)

[31mConnectionRefusedError[39m: [Errno 111] Connection refused

